f:\win32s\tpc_cuda_demo\x64\release\tpc_cuda_demo.pch
f:\win32s\tpc_cuda_demo\x64\release\vc140.pdb
f:\win32s\tpc_cuda_demo\x64\release\stdafx.obj
f:\win32s\tpc_cuda_demo\x64\release\tyrepointcloud.obj
f:\win32s\tpc_cuda_demo\x64\release\tpc_cuda_demodlg.obj
f:\win32s\tpc_cuda_demo\x64\release\tpc_cuda_demo.obj
f:\win32s\tpc_cuda_demo\x64\release\tpcproperty.obj
f:\win32s\tpc_cuda_demo\x64\release\planedivision.obj
f:\win32s\tpc_cuda_demo\x64\release\filelogger.obj
f:\win32s\tpc_cuda_demo\x64\release\tpc_cuda_demo.res
f:\win32s\tpc_cuda_demo\x64\release\kernel.cu.cache
f:\win32s\tpc_cuda_demo\x64\release\kernel.cu.obj
f:\win32s\tpc_cuda_demo\x64\release\tpc_cuda_demo.ipdb
f:\win32s\tpc_cuda_demo\x64\release\tpc_cuda_demo.exp
f:\win32s\tpc_cuda_demo\x64\release\tpc_cuda_demo.tlog\cl.command.1.tlog
f:\win32s\tpc_cuda_demo\x64\release\tpc_cuda_demo.tlog\cl.read.1.tlog
f:\win32s\tpc_cuda_demo\x64\release\tpc_cuda_demo.tlog\cl.write.1.tlog
f:\win32s\tpc_cuda_demo\x64\release\tpc_cuda_demo.tlog\link.command.1.tlog
f:\win32s\tpc_cuda_demo\x64\release\tpc_cuda_demo.tlog\link.read.1.tlog
f:\win32s\tpc_cuda_demo\x64\release\tpc_cuda_demo.tlog\link.read.3.tlog
f:\win32s\tpc_cuda_demo\x64\release\tpc_cuda_demo.tlog\link.write.1.tlog
f:\win32s\tpc_cuda_demo\x64\release\tpc_cuda_demo.tlog\rc.command.1.tlog
f:\win32s\tpc_cuda_demo\x64\release\tpc_cuda_demo.tlog\rc.read.1.tlog
f:\win32s\tpc_cuda_demo\x64\release\tpc_cuda_demo.tlog\rc.write.1.tlog
