  
  F:\Win32s\TPC_CUDA_Demo>"D:\ProgramTools\CUDAPath\Development\bin\nvcc.exe" -ccbin "C:\Program Files (x86)\Microsoft Visual Studio 14.0\VC\bin"  -ID:\ProgramTools\CUDAPath\Development\include -ID:\ProgramTools\CUDAPath\Development\include  -G   --keep-dir Debug -maxrregcount=0  --machine 32 --compile   -g   -DWIN32 -D_WINDOWS -D_DEBUG -D_UNICODE -DUNICODE -D_AFXDLL -Xcompiler "/EHsc /W3 /nologo /Od /FS /Zi /RTC1 /MDd " -o Debug\kernel.cu.obj "F:\Win32s\TPC_CUDA_Demo\kernel.cu" -clean 
CUDACOMPILE : nvcc warning : The 'compute_20', 'sm_20', and 'sm_21' architectures are deprecated, and may be removed in a future release (Use -Wno-deprecated-gpu-targets to suppress warning).
  kernel.cu
  Compiling CUDA source file kernel.cu...
  
  F:\Win32s\TPC_CUDA_Demo>"D:\ProgramTools\CUDAPath\Development\bin\nvcc.exe" -gencode=arch=compute_20,code=\"sm_20,compute_20\" --use-local-env --cl-version 2015 -ccbin "C:\Program Files (x86)\Microsoft Visual Studio 14.0\VC\bin"  -ID:\ProgramTools\CUDAPath\Development\include -ID:\ProgramTools\CUDAPath\Development\include  -G   --keep-dir Debug -maxrregcount=0  --machine 32 --compile -cudart static  -g   -DWIN32 -D_WINDOWS -D_DEBUG -D_UNICODE -DUNICODE -D_AFXDLL -Xcompiler "/EHsc /W3 /nologo /Od /FS /Zi /RTC1 /MDd " -o Debug\kernel.cu.obj "F:\Win32s\TPC_CUDA_Demo\kernel.cu" 
F:/Win32s/TPC_CUDA_Demo/kernel.cu(213): warning : variable "stat" was set but never used
F:/Win32s/TPC_CUDA_Demo/kernel.cu(363): warning : variable "lda" was declared but never referenced
F:/Win32s/TPC_CUDA_Demo/kernel.cu(213): warning : variable "stat" was set but never used
F:/Win32s/TPC_CUDA_Demo/kernel.cu(363): warning : variable "lda" was declared but never referenced
D:\ProgramTools\CUDAPath\Development\include\thrust/detail/allocator/allocator_traits.h(173): warning C4819: 该文件包含不能在当前代码页(936)中表示的字符。请将该文件保存为 Unicode 格式以防止数据丢失
CUDACOMPILE : nvcc warning : The 'compute_20', 'sm_20', and 'sm_21' architectures are deprecated, and may be removed in a future release (Use -Wno-deprecated-gpu-targets to suppress warning).
  kernel.cu
D:\ProgramTools\CUDAPath\Development\include\thrust/detail/allocator/allocator_traits.h(51): warning C4819: 该文件包含不能在当前代码页(936)中表示的字符。请将该文件保存为 Unicode 格式以防止数据丢失
F:/Win32s/TPC_CUDA_Demo/kernel.cu(239): warning C4018: “<”: 有符号/无符号不匹配
F:/Win32s/TPC_CUDA_Demo/kernel.cu(286): warning C4244: “参数”: 从“double”转换到“int”，可能丢失数据
  stdafx.cpp
  TyrePointCloud.cpp
d:\programtools\cudapath\development\include\thrust\system\detail\error_category.inl(102): error C4996: 'strerror': This function or variable may be unsafe. Consider using strerror_s instead. To disable deprecation, use _CRT_SECURE_NO_WARNINGS. See online help for details.
  c:\program files (x86)\windows kits\10\include\10.0.10240.0\ucrt\string.h(178): note: 参见“strerror”的声明
d:\programtools\cudapath\development\include\thrust\system\cuda\detail\bulk\detail\pointer_traits.hpp(55): warning C4800: “unsigned int”: 将值强制为布尔值“true”或“false”(性能警告)
f:\win32s\tpc_cuda_demo\tyrepointcloud.h(20): fatal error C1083: 无法打开包括文件: “pcl\io\pcd_io.h”: No such file or directory
  TPC_CUDA_DemoDlg.cpp
d:\programtools\cudapath\development\include\thrust\system\detail\error_category.inl(102): error C4996: 'strerror': This function or variable may be unsafe. Consider using strerror_s instead. To disable deprecation, use _CRT_SECURE_NO_WARNINGS. See online help for details.
  c:\program files (x86)\windows kits\10\include\10.0.10240.0\ucrt\string.h(178): note: 参见“strerror”的声明
d:\programtools\cudapath\development\include\thrust\system\cuda\detail\bulk\detail\pointer_traits.hpp(55): warning C4800: “unsigned int”: 将值强制为布尔值“true”或“false”(性能警告)
f:\win32s\tpc_cuda_demo\tyrepointcloud.h(20): fatal error C1083: 无法打开包括文件: “pcl\io\pcd_io.h”: No such file or directory
  TPC_CUDA_Demo.cpp
d:\programtools\cudapath\development\include\thrust\system\detail\error_category.inl(102): error C4996: 'strerror': This function or variable may be unsafe. Consider using strerror_s instead. To disable deprecation, use _CRT_SECURE_NO_WARNINGS. See online help for details.
  c:\program files (x86)\windows kits\10\include\10.0.10240.0\ucrt\string.h(178): note: 参见“strerror”的声明
d:\programtools\cudapath\development\include\thrust\system\cuda\detail\bulk\detail\pointer_traits.hpp(55): warning C4800: “unsigned int”: 将值强制为布尔值“true”或“false”(性能警告)
f:\win32s\tpc_cuda_demo\tyrepointcloud.h(20): fatal error C1083: 无法打开包括文件: “pcl\io\pcd_io.h”: No such file or directory
  正在生成代码...
