f:\win32s\tpc_cuda_demo\x64\debug\tpc_cuda_demo.pch
f:\win32s\tpc_cuda_demo\x64\debug\vc140.pdb
f:\win32s\tpc_cuda_demo\x64\debug\vc140.idb
f:\win32s\tpc_cuda_demo\x64\debug\stdafx.obj
f:\win32s\tpc_cuda_demo\x64\debug\filelogger.obj
f:\win32s\tpc_cuda_demo\x64\debug\tpc_cuda_demodlg.obj
f:\win32s\tpc_cuda_demo\x64\debug\utility.obj
f:\win32s\tpc_cuda_demo\x64\debug\tyrepointcloud.obj
f:\win32s\tpc_cuda_demo\x64\debug\tpcproperty.obj
f:\win32s\tpc_cuda_demo\x64\debug\planedivision.obj
f:\win32s\tpc_cuda_demo\x64\debug\tpc_cuda_demo.obj
f:\win32s\tpc_cuda_demo\x64\debug\tpc_cuda_demo.ilk
f:\win32s\tpc_cuda_demo\x64\debug\tpc_cuda_demo.exe
f:\win32s\tpc_cuda_demo\x64\debug\tpc_cuda_demo.pdb
f:\win32s\tpc_cuda_demo\x64\debug\tpc_cuda_demo.res
f:\win32s\tpc_cuda_demo\x64\debug\tpc_cuda_demo.lib
f:\win32s\tpc_cuda_demo\x64\debug\tpc_cuda_demo.exp
f:\win32s\tpc_cuda_demo\x64\debug\kernel.cu.cache
f:\win32s\tpc_cuda_demo\x64\debug\kernel2.cu.cache
f:\win32s\tpc_cuda_demo\x64\debug\kernel.cu.obj
f:\win32s\tpc_cuda_demo\x64\debug\kernel2.cu.obj
f:\win32s\tpc_cuda_demo\x64\debug\tpc_cuda_demo.tlog\cl.command.1.tlog
f:\win32s\tpc_cuda_demo\x64\debug\tpc_cuda_demo.tlog\cl.read.1.tlog
f:\win32s\tpc_cuda_demo\x64\debug\tpc_cuda_demo.tlog\cl.write.1.tlog
f:\win32s\tpc_cuda_demo\x64\debug\tpc_cuda_demo.tlog\link.command.1.tlog
f:\win32s\tpc_cuda_demo\x64\debug\tpc_cuda_demo.tlog\link.read.1.tlog
f:\win32s\tpc_cuda_demo\x64\debug\tpc_cuda_demo.tlog\link.write.1.tlog
f:\win32s\tpc_cuda_demo\x64\debug\tpc_cuda_demo.tlog\rc.command.1.tlog
f:\win32s\tpc_cuda_demo\x64\debug\tpc_cuda_demo.tlog\rc.read.1.tlog
f:\win32s\tpc_cuda_demo\x64\debug\tpc_cuda_demo.tlog\rc.write.1.tlog
f:\win32s\tpc_cuda_demo\x64\debug\tpc_cuda_demo.tlog\tpc_cuda_demo.write.1u.tlog
